<?xml version="1.0" encoding="utf-8"?><testsuites name="pytest tests"><testsuite name="pytest" errors="0" failures="0" skipped="0" tests="4" time="1.325" timestamp="2026-09-24T19:33:51.884581+00:00" hostname="agent-env-51af5424-7801-4701-9a9a-59b5b7162624"><testcase classname="tests.test_trip_publication_readonly" name="test_public_search_2026_09_25_returns_expected_published_trip" time="0.260" /><testcase classname="tests.test_trip_publication_readonly" name="test_public_search_2026_09_26_returns_expected_published_trip" time="0.071" /><testcase classname="tests.test_trip_publication_readonly" name="test_reverse_search_does_not_return_target_trip_ids[2026-09-25]" time="0.066" /><testcase classname="tests.test_trip_publication_readonly" name="test_reverse_search_does_not_return_target_trip_ids[2026-09-26]" time="0.069" /></testsuite></testsuites>