<?xml version="1.0" encoding="utf-8"?><testsuites name="pytest tests"><testsuite name="pytest" errors="0" failures="0" skipped="5" tests="5" time="0.614" timestamp="2026-09-24T17:42:03.176593+00:00" hostname="agent-env-51af5424-7801-4701-9a9a-59b5b7162624"><testcase classname="tests.test_concurrency_regression" name="test_register_mobile_normalization_accepts_formats_and_rejects_alpha" time="0.339"><skipped type="pytest.skip" message="Rate-limited for register; retry after window">/app/backend/tests/test_concurrency_regression.py:33: Rate-limited for register; retry after window</skipped></testcase><testcase classname="tests.test_concurrency_regression" name="test_simultaneous_overlapping_multi_seat_holds_are_atomic" time="0.068"><skipped type="pytest.skip" message="Rate-limited for admin@gobus.app; retry after window">/app/backend/tests/test_concurrency_regression.py:28: Rate-limited for admin@gobus.app; retry after window</skipped></testcase><testcase classname="tests.test_foundation_api" name="test_auth_registration_portal_logout_and_disable_flow" time="0.071"><skipped type="pytest.skip" message="Rate-limited for register; retry after window">/app/backend/tests/test_foundation_api.py:30: Rate-limited for register; retry after window</skipped></testcase><testcase classname="tests.test_foundation_api" name="test_admin_layout_schedule_publish_search_and_guards" time="0.085"><skipped type="pytest.skip" message="Rate-limited for admin@gobus.app; retry after window">/app/backend/tests/test_foundation_api.py:25: Rate-limited for admin@gobus.app; retry after window</skipped></testcase><testcase classname="tests.test_foundation_api" name="test_passenger_concurrency_reservation_driver_and_support" time="0.003"><skipped type="pytest.skip" message="Trip setup unavailable from previous test">/app/backend/tests/test_foundation_api.py:351: Trip setup unavailable from previous test</skipped></testcase></testsuite></testsuites>