<?xml version="1.0" encoding="utf-8"?><testsuites name="pytest tests"><testsuite name="pytest" errors="0" failures="0" skipped="0" tests="3" time="6.799" timestamp="2026-09-24T17:31:29.628973+00:00" hostname="agent-env-51af5424-7801-4701-9a9a-59b5b7162624"><testcase classname="tests.test_foundation_api" name="test_auth_registration_portal_logout_and_disable_flow" time="1.346" /><testcase classname="tests.test_foundation_api" name="test_admin_layout_schedule_publish_search_and_guards" time="1.557" /><testcase classname="tests.test_foundation_api" name="test_passenger_concurrency_reservation_driver_and_support" time="3.038" /></testsuite></testsuites>