<?xml version="1.0" encoding="utf-8"?><testsuites name="pytest tests"><testsuite name="pytest" errors="0" failures="1" skipped="3" tests="5" time="1.392" timestamp="2026-09-24T17:37:24.162588+00:00" hostname="agent-env-51af5424-7801-4701-9a9a-59b5b7162624"><testcase classname="tests.test_concurrency_regression" name="test_register_mobile_normalization_accepts_formats_and_rejects_alpha" time="0.394" /><testcase classname="tests.test_concurrency_regression" name="test_simultaneous_overlapping_multi_seat_holds_are_atomic" time="0.070"><failure message="AssertionError: {&quot;detail&quot;:&quot;Too many attempts. Please try again later.&quot;}&#10;assert 429 == 200&#10; +  where 429 = &lt;Response [429]&gt;.status_code">backend/tests/test_concurrency_regression.py:65: in test_simultaneous_overlapping_multi_seat_holds_are_atomic
    assert admin_login.status_code == 200, admin_login.text
E   AssertionError: {"detail":"Too many attempts. Please try again later."}
E   assert 429 == 200
E    +  where 429 = &lt;Response [429]&gt;.status_code</failure></testcase><testcase classname="tests.test_foundation_api" name="test_auth_registration_portal_logout_and_disable_flow" time="0.795"><skipped type="pytest.skip" message="Rate-limited for admin@gobus.app; retry after window">/app/backend/tests/test_foundation_api.py:25: Rate-limited for admin@gobus.app; retry after window</skipped></testcase><testcase classname="tests.test_foundation_api" name="test_admin_layout_schedule_publish_search_and_guards" time="0.067"><skipped type="pytest.skip" message="Rate-limited for admin@gobus.app; retry after window">/app/backend/tests/test_foundation_api.py:25: Rate-limited for admin@gobus.app; retry after window</skipped></testcase><testcase classname="tests.test_foundation_api" name="test_passenger_concurrency_reservation_driver_and_support" time="0.006"><skipped type="pytest.skip" message="Trip setup unavailable from previous test">/app/backend/tests/test_foundation_api.py:343: Trip setup unavailable from previous test</skipped></testcase></testsuite></testsuites>