<?xml version="1.0" encoding="utf-8"?><testsuites name="pytest tests"><testsuite name="pytest" errors="0" failures="0" skipped="0" tests="5" time="8.583" timestamp="2026-09-24T17:45:30.532361+00:00" hostname="agent-env-51af5424-7801-4701-9a9a-59b5b7162624"><testcase classname="tests.test_concurrency_regression" name="test_register_mobile_normalization_accepts_formats_and_rejects_alpha" time="0.570" /><testcase classname="tests.test_foundation_api" name="test_auth_registration_portal_logout_and_disable_flow" time="1.517" /><testcase classname="tests.test_concurrency_regression" name="test_simultaneous_overlapping_multi_seat_holds_are_atomic" time="2.821" /><testcase classname="tests.test_foundation_api" name="test_admin_layout_schedule_publish_search_and_guards" time="2.455" /><testcase classname="tests.test_foundation_api" name="test_passenger_concurrency_reservation_driver_and_support" time="3.743" /></testsuite></testsuites>